#! /usr/bin/vvp
:ivl_version "11.0 (stable)";
:ivl_delay_selection "TYPICAL";
:vpi_time_precision - 12;
:vpi_module "/usr/lib/x86_64-linux-gnu/ivl/system.vpi";
:vpi_module "/usr/lib/x86_64-linux-gnu/ivl/vhdl_sys.vpi";
:vpi_module "/usr/lib/x86_64-linux-gnu/ivl/vhdl_textio.vpi";
:vpi_module "/usr/lib/x86_64-linux-gnu/ivl/v2005_math.vpi";
:vpi_module "/usr/lib/x86_64-linux-gnu/ivl/va_math.vpi";
S_0x7fffd2f877c0 .scope module, "tb_bad_case" "tb_bad_case" 2 4;
 .timescale -9 -12;
v0x7fffd2f9d930_0 .var "clk", 0 0;
v0x7fffd2f9da10_0 .var "i0", 0 0;
v0x7fffd2f9dad0_0 .var "i1", 0 0;
v0x7fffd2f9dbd0_0 .var "i2", 0 0;
v0x7fffd2f9dca0_0 .var "i3", 0 0;
v0x7fffd2f9dd90_0 .var "reset", 0 0;
v0x7fffd2f9de30_0 .var "sel", 1 0;
v0x7fffd2f9df00_0 .net "y", 0 0, v0x7fffd2f9d7b0_0;  1 drivers
E_0x7fffd2f866d0 .event posedge, v0x7fffd2f9dd90_0, v0x7fffd2f9d930_0;
S_0x7fffd2f87950 .scope module, "uut" "bad_case" 2 14, 3 1 0, S_0x7fffd2f877c0;
 .timescale 0 0;
    .port_info 0 /INPUT 1 "i0";
    .port_info 1 /INPUT 1 "i1";
    .port_info 2 /INPUT 1 "i2";
    .port_info 3 /INPUT 1 "i3";
    .port_info 4 /INPUT 2 "sel";
    .port_info 5 /OUTPUT 1 "y";
v0x7fffd2f4ddc0_0 .net "i0", 0 0, v0x7fffd2f9da10_0;  1 drivers
v0x7fffd2f9d460_0 .net "i1", 0 0, v0x7fffd2f9dad0_0;  1 drivers
v0x7fffd2f9d520_0 .net "i2", 0 0, v0x7fffd2f9dbd0_0;  1 drivers
v0x7fffd2f9d5c0_0 .net "i3", 0 0, v0x7fffd2f9dca0_0;  1 drivers
v0x7fffd2f9d680_0 .net "sel", 1 0, v0x7fffd2f9de30_0;  1 drivers
v0x7fffd2f9d7b0_0 .var "y", 0 0;
E_0x7fffd2f71080/0 .event edge, v0x7fffd2f9d680_0, v0x7fffd2f4ddc0_0, v0x7fffd2f9d460_0, v0x7fffd2f9d520_0;
E_0x7fffd2f71080/1 .event edge, v0x7fffd2f9d5c0_0;
E_0x7fffd2f71080 .event/or E_0x7fffd2f71080/0, E_0x7fffd2f71080/1;
    .scope S_0x7fffd2f87950;
T_0 ;
    %wait E_0x7fffd2f71080;
    %load/vec4 v0x7fffd2f9d680_0;
    %dup/vec4;
    %pushi/vec4 0, 0, 2;
    %cmp/u;
    %jmp/1 T_0.0, 6;
    %dup/vec4;
    %pushi/vec4 1, 0, 2;
    %cmp/u;
    %jmp/1 T_0.1, 6;
    %dup/vec4;
    %pushi/vec4 2, 0, 2;
    %cmp/u;
    %jmp/1 T_0.2, 6;
    %dup/vec4;
    %pushi/vec4 2, 1, 2;
    %cmp/u;
    %jmp/1 T_0.3, 6;
    %jmp T_0.4;
T_0.0 ;
    %load/vec4 v0x7fffd2f4ddc0_0;
    %store/vec4 v0x7fffd2f9d7b0_0, 0, 1;
    %jmp T_0.4;
T_0.1 ;
    %load/vec4 v0x7fffd2f9d460_0;
    %store/vec4 v0x7fffd2f9d7b0_0, 0, 1;
    %jmp T_0.4;
T_0.2 ;
    %load/vec4 v0x7fffd2f9d520_0;
    %store/vec4 v0x7fffd2f9d7b0_0, 0, 1;
    %jmp T_0.4;
T_0.3 ;
    %load/vec4 v0x7fffd2f9d5c0_0;
    %store/vec4 v0x7fffd2f9d7b0_0, 0, 1;
    %jmp T_0.4;
T_0.4 ;
    %pop/vec4 1;
    %jmp T_0;
    .thread T_0, $push;
    .scope S_0x7fffd2f877c0;
T_1 ;
    %vpi_call 2 24 "$dumpfile", "tb_bad_case.vcd" {0 0 0};
    %vpi_call 2 25 "$dumpvars", 32'sb00000000000000000000000000000000, S_0x7fffd2f877c0 {0 0 0};
    %pushi/vec4 0, 0, 1;
    %store/vec4 v0x7fffd2f9d930_0, 0, 1;
    %pushi/vec4 0, 0, 1;
    %store/vec4 v0x7fffd2f9da10_0, 0, 1;
    %pushi/vec4 0, 0, 1;
    %store/vec4 v0x7fffd2f9dad0_0, 0, 1;
    %pushi/vec4 0, 0, 1;
    %store/vec4 v0x7fffd2f9dbd0_0, 0, 1;
    %pushi/vec4 0, 0, 1;
    %store/vec4 v0x7fffd2f9dca0_0, 0, 1;
    %pushi/vec4 0, 0, 1;
    %store/vec4 v0x7fffd2f9dd90_0, 0, 1;
    %delay 1000, 0;
    %pushi/vec4 1, 0, 1;
    %store/vec4 v0x7fffd2f9dd90_0, 0, 1;
    %delay 10000, 0;
    %pushi/vec4 0, 0, 1;
    %store/vec4 v0x7fffd2f9dd90_0, 0, 1;
    %delay 3000000, 0;
    %vpi_call 2 36 "$finish" {0 0 0};
    %end;
    .thread T_1;
    .scope S_0x7fffd2f877c0;
T_2 ;
    %delay 200000, 0;
    %load/vec4 v0x7fffd2f9d930_0;
    %inv;
    %store/vec4 v0x7fffd2f9d930_0, 0, 1;
    %jmp T_2;
    .thread T_2;
    .scope S_0x7fffd2f877c0;
T_3 ;
    %delay 17000, 0;
    %load/vec4 v0x7fffd2f9da10_0;
    %inv;
    %store/vec4 v0x7fffd2f9da10_0, 0, 1;
    %jmp T_3;
    .thread T_3;
    .scope S_0x7fffd2f877c0;
T_4 ;
    %delay 37000, 0;
    %load/vec4 v0x7fffd2f9dad0_0;
    %inv;
    %store/vec4 v0x7fffd2f9dad0_0, 0, 1;
    %jmp T_4;
    .thread T_4;
    .scope S_0x7fffd2f877c0;
T_5 ;
    %delay 57000, 0;
    %load/vec4 v0x7fffd2f9dbd0_0;
    %inv;
    %store/vec4 v0x7fffd2f9dbd0_0, 0, 1;
    %jmp T_5;
    .thread T_5;
    .scope S_0x7fffd2f877c0;
T_6 ;
    %delay 97000, 0;
    %load/vec4 v0x7fffd2f9dca0_0;
    %inv;
    %store/vec4 v0x7fffd2f9dca0_0, 0, 1;
    %jmp T_6;
    .thread T_6;
    .scope S_0x7fffd2f877c0;
T_7 ;
    %wait E_0x7fffd2f866d0;
    %load/vec4 v0x7fffd2f9dd90_0;
    %flag_set/vec4 8;
    %jmp/0xz  T_7.0, 8;
    %pushi/vec4 0, 0, 2;
    %assign/vec4 v0x7fffd2f9de30_0, 0;
    %jmp T_7.1;
T_7.0 ;
    %load/vec4 v0x7fffd2f9de30_0;
    %addi 1, 0, 2;
    %assign/vec4 v0x7fffd2f9de30_0, 0;
T_7.1 ;
    %jmp T_7;
    .thread T_7;
# The file index is used to find the file name in the following table.
:file_names 4;
    "N/A";
    "<interactive>";
    "tb_bad_case.v";
    "bad_case.v";
